#! /usr/bin/vvp
:ivl_version "11.0 (stable)";
:ivl_delay_selection "TYPICAL";
:vpi_time_precision - 12;
:vpi_module "/usr/lib/x86_64-linux-gnu/ivl/system.vpi";
:vpi_module "/usr/lib/x86_64-linux-gnu/ivl/vhdl_sys.vpi";
:vpi_module "/usr/lib/x86_64-linux-gnu/ivl/vhdl_textio.vpi";
:vpi_module "/usr/lib/x86_64-linux-gnu/ivl/v2005_math.vpi";
:vpi_module "/usr/lib/x86_64-linux-gnu/ivl/va_math.vpi";
S_0x61c238e2ec70 .scope module, "mac_unit_tb" "mac_unit_tb" 2 4;
 .timescale -9 -12;
v0x61c238e690c0_0 .var/s "activation_in", 7 0;
v0x61c238e691a0_0 .net/s "activation_out", 7 0, v0x61c238e67b90_0;  1 drivers
v0x61c238e69240_0 .var "clk", 0 0;
v0x61c238e69340_0 .var "col_en", 0 0;
v0x61c238e69410_0 .var "en", 0 0;
v0x61c238e694b0_0 .var/s "partial_sum_in", 23 0;
v0x61c238e69580_0 .net/s "partial_sum_out", 23 0, v0x61c238e68670_0;  1 drivers
v0x61c238e69650_0 .var "row_en", 0 0;
v0x61c238e69720_0 .var "rst", 0 0;
v0x61c238e697f0_0 .var/s "weight_in", 7 0;
v0x61c238e698c0_0 .net/s "weight_out", 7 0, v0x61c238e68d40_0;  1 drivers
S_0x61c238e30170 .scope module, "dut" "mac_unit" 2 13, 3 9 0, S_0x61c238e2ec70;
 .timescale -9 -12;
    .port_info 0 /INPUT 1 "clk";
    .port_info 1 /INPUT 1 "rst";
    .port_info 2 /INPUT 1 "en";
    .port_info 3 /INPUT 1 "row_en";
    .port_info 4 /INPUT 1 "col_en";
    .port_info 5 /INPUT 8 "activation_in";
    .port_info 6 /INPUT 8 "weight_in";
    .port_info 7 /OUTPUT 8 "activation_out";
    .port_info 8 /OUTPUT 8 "weight_out";
    .port_info 9 /INPUT 24 "partial_sum_in";
    .port_info 10 /OUTPUT 24 "partial_sum_out";
P_0x61c238e02620 .param/l "A_W" 0 3 10, +C4<00000000000000000000000000001000>;
P_0x61c238e02660 .param/l "PSUM_W" 0 3 12, +C4<00000000000000000000000000011000>;
P_0x61c238e026a0 .param/l "W_W" 0 3 11, +C4<00000000000000000000000000001000>;
L_0x61c238e33730 .functor AND 1, v0x61c238e69410_0, v0x61c238e69650_0, C4<1>, C4<1>;
L_0x61c238e69a10 .functor AND 1, L_0x61c238e33730, v0x61c238e69340_0, C4<1>, C4<1>;
L_0x61c238e69d60 .functor OR 1, L_0x61c238e69b20, L_0x61c238e69c10, C4<0>, C4<0>;
L_0x61c238e6ae70 .functor AND 1, L_0x61c238e69a10, L_0x61c238e6ad10, C4<1>, C4<1>;
L_0x61c238e6b040 .functor AND 1, L_0x61c238e69a10, L_0x61c238e69d60, C4<1>, C4<1>;
v0x61c238e01450_0 .net *"_ivl_0", 0 0, L_0x61c238e33730;  1 drivers
L_0x73747505e0a8 .functor BUFT 1, C4<00000000>, C4<0>, C4<0>, C4<0>;
v0x61c238e66ec0_0 .net/2u *"_ivl_14", 7 0, L_0x73747505e0a8;  1 drivers
L_0x73747505e0f0 .functor BUFT 1, C4<00000000>, C4<0>, C4<0>, C4<0>;
v0x61c238e66fa0_0 .net/2u *"_ivl_18", 7 0, L_0x73747505e0f0;  1 drivers
v0x61c238e67060_0 .net *"_ivl_23", 0 0, L_0x61c238e6a1a0;  1 drivers
v0x61c238e67140_0 .net *"_ivl_24", 15 0, L_0x61c238e6a240;  1 drivers
v0x61c238e67270_0 .net *"_ivl_29", 0 0, L_0x61c238e6a6b0;  1 drivers
v0x61c238e67350_0 .net *"_ivl_30", 15 0, L_0x61c238e6a7a0;  1 drivers
v0x61c238e67430_0 .net *"_ivl_37", 0 0, L_0x61c238e6ad10;  1 drivers
v0x61c238e674f0_0 .net *"_ivl_39", 0 0, L_0x61c238e6ae70;  1 drivers
L_0x73747505e018 .functor BUFT 1, C4<00000000>, C4<0>, C4<0>, C4<0>;
v0x61c238e675b0_0 .net/2u *"_ivl_4", 7 0, L_0x73747505e018;  1 drivers
v0x61c238e67690_0 .net/s *"_ivl_40", 23 0, L_0x61c238e6afa0;  1 drivers
v0x61c238e67770_0 .net *"_ivl_43", 0 0, L_0x61c238e6b040;  1 drivers
v0x61c238e67830_0 .net *"_ivl_44", 23 0, L_0x61c238e6b150;  1 drivers
L_0x73747505e060 .functor BUFT 1, C4<00000000>, C4<0>, C4<0>, C4<0>;
v0x61c238e67910_0 .net/2u *"_ivl_8", 7 0, L_0x73747505e060;  1 drivers
v0x61c238e679f0_0 .net/s "activation_in", 7 0, v0x61c238e690c0_0;  1 drivers
v0x61c238e67ad0_0 .net "activation_is_zero", 0 0, L_0x61c238e69b20;  1 drivers
v0x61c238e67b90_0 .var/s "activation_out", 7 0;
v0x61c238e67c70_0 .var/s "activation_reg", 7 0;
v0x61c238e67d50_0 .net "clk", 0 0, v0x61c238e69240_0;  1 drivers
v0x61c238e67e10_0 .net "col_en", 0 0, v0x61c238e69340_0;  1 drivers
v0x61c238e67ed0_0 .net "en", 0 0, v0x61c238e69410_0;  1 drivers
v0x61c238e67f90_0 .net "local_en", 0 0, L_0x61c238e69a10;  1 drivers
v0x61c238e68050_0 .net/s "mult_a", 7 0, L_0x61c238e69e70;  1 drivers
v0x61c238e68130_0 .net/s "mult_a_ext", 23 0, L_0x61c238e6a610;  1 drivers
v0x61c238e68210_0 .net/s "mult_b", 7 0, L_0x61c238e6a030;  1 drivers
v0x61c238e682f0_0 .net/s "mult_b_ext", 23 0, L_0x61c238e6ab70;  1 drivers
v0x61c238e683d0_0 .net/s "mult_prod", 23 0, L_0x61c238e6ac70;  1 drivers
v0x61c238e684b0_0 .net/s "next_psum", 23 0, L_0x61c238e6b310;  1 drivers
v0x61c238e68590_0 .net/s "partial_sum_in", 23 0, v0x61c238e694b0_0;  1 drivers
v0x61c238e68670_0 .var/s "partial_sum_out", 23 0;
v0x61c238e68750_0 .net "row_en", 0 0, v0x61c238e69650_0;  1 drivers
v0x61c238e68810_0 .net "rst", 0 0, v0x61c238e69720_0;  1 drivers
v0x61c238e688d0_0 .net "skip_mac", 0 0, L_0x61c238e69d60;  1 drivers
v0x61c238e68ba0_0 .net/s "weight_in", 7 0, v0x61c238e697f0_0;  1 drivers
v0x61c238e68c80_0 .net "weight_is_zero", 0 0, L_0x61c238e69c10;  1 drivers
v0x61c238e68d40_0 .var/s "weight_out", 7 0;
v0x61c238e68e20_0 .var/s "weight_reg", 7 0;
E_0x61c238e3b690 .event posedge, v0x61c238e67d50_0;
L_0x61c238e69b20 .cmp/eq 8, v0x61c238e67c70_0, L_0x73747505e018;
L_0x61c238e69c10 .cmp/eq 8, v0x61c238e68e20_0, L_0x73747505e060;
L_0x61c238e69e70 .functor MUXZ 8, L_0x73747505e0a8, v0x61c238e67c70_0, L_0x61c238e69a10, C4<>;
L_0x61c238e6a030 .functor MUXZ 8, L_0x73747505e0f0, v0x61c238e68e20_0, L_0x61c238e69a10, C4<>;
L_0x61c238e6a1a0 .part v0x61c238e67c70_0, 7, 1;
LS_0x61c238e6a240_0_0 .concat [ 1 1 1 1], L_0x61c238e6a1a0, L_0x61c238e6a1a0, L_0x61c238e6a1a0, L_0x61c238e6a1a0;
LS_0x61c238e6a240_0_4 .concat [ 1 1 1 1], L_0x61c238e6a1a0, L_0x61c238e6a1a0, L_0x61c238e6a1a0, L_0x61c238e6a1a0;
LS_0x61c238e6a240_0_8 .concat [ 1 1 1 1], L_0x61c238e6a1a0, L_0x61c238e6a1a0, L_0x61c238e6a1a0, L_0x61c238e6a1a0;
LS_0x61c238e6a240_0_12 .concat [ 1 1 1 1], L_0x61c238e6a1a0, L_0x61c238e6a1a0, L_0x61c238e6a1a0, L_0x61c238e6a1a0;
L_0x61c238e6a240 .concat [ 4 4 4 4], LS_0x61c238e6a240_0_0, LS_0x61c238e6a240_0_4, LS_0x61c238e6a240_0_8, LS_0x61c238e6a240_0_12;
L_0x61c238e6a610 .concat [ 8 16 0 0], v0x61c238e67c70_0, L_0x61c238e6a240;
L_0x61c238e6a6b0 .part v0x61c238e68e20_0, 7, 1;
LS_0x61c238e6a7a0_0_0 .concat [ 1 1 1 1], L_0x61c238e6a6b0, L_0x61c238e6a6b0, L_0x61c238e6a6b0, L_0x61c238e6a6b0;
LS_0x61c238e6a7a0_0_4 .concat [ 1 1 1 1], L_0x61c238e6a6b0, L_0x61c238e6a6b0, L_0x61c238e6a6b0, L_0x61c238e6a6b0;
LS_0x61c238e6a7a0_0_8 .concat [ 1 1 1 1], L_0x61c238e6a6b0, L_0x61c238e6a6b0, L_0x61c238e6a6b0, L_0x61c238e6a6b0;
LS_0x61c238e6a7a0_0_12 .concat [ 1 1 1 1], L_0x61c238e6a6b0, L_0x61c238e6a6b0, L_0x61c238e6a6b0, L_0x61c238e6a6b0;
L_0x61c238e6a7a0 .concat [ 4 4 4 4], LS_0x61c238e6a7a0_0_0, LS_0x61c238e6a7a0_0_4, LS_0x61c238e6a7a0_0_8, LS_0x61c238e6a7a0_0_12;
L_0x61c238e6ab70 .concat [ 8 16 0 0], v0x61c238e68e20_0, L_0x61c238e6a7a0;
L_0x61c238e6ac70 .arith/mult 24, L_0x61c238e6a610, L_0x61c238e6ab70;
L_0x61c238e6ad10 .reduce/nor L_0x61c238e69d60;
L_0x61c238e6afa0 .arith/sum 24, v0x61c238e694b0_0, L_0x61c238e6ac70;
L_0x61c238e6b150 .functor MUXZ 24, v0x61c238e68670_0, v0x61c238e694b0_0, L_0x61c238e6b040, C4<>;
L_0x61c238e6b310 .functor MUXZ 24, L_0x61c238e6b150, L_0x61c238e6afa0, L_0x61c238e6ae70, C4<>;
    .scope S_0x61c238e30170;
T_0 ;
    %wait E_0x61c238e3b690;
    %load/vec4 v0x61c238e68810_0;
    %flag_set/vec4 8;
    %jmp/0xz  T_0.0, 8;
    %pushi/vec4 0, 0, 8;
    %assign/vec4 v0x61c238e67c70_0, 0;
    %pushi/vec4 0, 0, 8;
    %assign/vec4 v0x61c238e68e20_0, 0;
    %pushi/vec4 0, 0, 8;
    %assign/vec4 v0x61c238e67b90_0, 0;
    %pushi/vec4 0, 0, 8;
    %assign/vec4 v0x61c238e68d40_0, 0;
    %pushi/vec4 0, 0, 24;
    %assign/vec4 v0x61c238e68670_0, 0;
    %jmp T_0.1;
T_0.0 ;
    %load/vec4 v0x61c238e67f90_0;
    %flag_set/vec4 8;
    %jmp/0xz  T_0.2, 8;
    %load/vec4 v0x61c238e679f0_0;
    %assign/vec4 v0x61c238e67c70_0, 0;
    %load/vec4 v0x61c238e68ba0_0;
    %assign/vec4 v0x61c238e68e20_0, 0;
    %jmp T_0.3;
T_0.2 ;
    %load/vec4 v0x61c238e67c70_0;
    %assign/vec4 v0x61c238e67c70_0, 0;
    %load/vec4 v0x61c238e68e20_0;
    %assign/vec4 v0x61c238e68e20_0, 0;
T_0.3 ;
    %load/vec4 v0x61c238e679f0_0;
    %assign/vec4 v0x61c238e67b90_0, 0;
    %load/vec4 v0x61c238e68ba0_0;
    %assign/vec4 v0x61c238e68d40_0, 0;
    %load/vec4 v0x61c238e67f90_0;
    %flag_set/vec4 8;
    %jmp/0xz  T_0.4, 8;
    %load/vec4 v0x61c238e688d0_0;
    %nor/r;
    %flag_set/vec4 8;
    %jmp/0xz  T_0.6, 8;
    %load/vec4 v0x61c238e68590_0;
    %load/vec4 v0x61c238e683d0_0;
    %add;
    %assign/vec4 v0x61c238e68670_0, 0;
    %jmp T_0.7;
T_0.6 ;
    %load/vec4 v0x61c238e68590_0;
    %assign/vec4 v0x61c238e68670_0, 0;
T_0.7 ;
    %jmp T_0.5;
T_0.4 ;
    %load/vec4 v0x61c238e68670_0;
    %assign/vec4 v0x61c238e68670_0, 0;
T_0.5 ;
T_0.1 ;
    %jmp T_0;
    .thread T_0;
    .scope S_0x61c238e2ec70;
T_1 ;
    %delay 5000, 0;
    %load/vec4 v0x61c238e69240_0;
    %inv;
    %store/vec4 v0x61c238e69240_0, 0, 1;
    %jmp T_1;
    .thread T_1;
    .scope S_0x61c238e2ec70;
T_2 ;
    %vpi_call 2 28 "$dumpfile", "mac_unit_tb.vcd" {0 0 0};
    %vpi_call 2 29 "$dumpvars", 32'sb00000000000000000000000000000000, S_0x61c238e2ec70 {0 0 0};
    %pushi/vec4 0, 0, 1;
    %store/vec4 v0x61c238e69240_0, 0, 1;
    %pushi/vec4 1, 0, 1;
    %store/vec4 v0x61c238e69720_0, 0, 1;
    %pushi/vec4 1, 0, 1;
    %store/vec4 v0x61c238e69410_0, 0, 1;
    %pushi/vec4 0, 0, 1;
    %store/vec4 v0x61c238e69650_0, 0, 1;
    %pushi/vec4 0, 0, 1;
    %store/vec4 v0x61c238e69340_0, 0, 1;
    %pushi/vec4 0, 0, 8;
    %store/vec4 v0x61c238e690c0_0, 0, 8;
    %pushi/vec4 0, 0, 8;
    %store/vec4 v0x61c238e697f0_0, 0, 8;
    %pushi/vec4 0, 0, 24;
    %store/vec4 v0x61c238e694b0_0, 0, 24;
    %delay 20000, 0;
    %pushi/vec4 0, 0, 1;
    %store/vec4 v0x61c238e69720_0, 0, 1;
    %pushi/vec4 1, 0, 1;
    %store/vec4 v0x61c238e69410_0, 0, 1;
    %pushi/vec4 1, 0, 1;
    %store/vec4 v0x61c238e69650_0, 0, 1;
    %pushi/vec4 1, 0, 1;
    %store/vec4 v0x61c238e69340_0, 0, 1;
    %pushi/vec4 3, 0, 8;
    %store/vec4 v0x61c238e690c0_0, 0, 8;
    %pushi/vec4 4, 0, 8;
    %store/vec4 v0x61c238e697f0_0, 0, 8;
    %pushi/vec4 10, 0, 24;
    %store/vec4 v0x61c238e694b0_0, 0, 24;
    %delay 10000, 0;
    %vpi_call 2 42 "$display", "Test1: %0d", v0x61c238e69580_0 {0 0 0};
    %pushi/vec4 0, 0, 8;
    %store/vec4 v0x61c238e690c0_0, 0, 8;
    %pushi/vec4 5, 0, 8;
    %store/vec4 v0x61c238e697f0_0, 0, 8;
    %pushi/vec4 50, 0, 24;
    %store/vec4 v0x61c238e694b0_0, 0, 24;
    %delay 10000, 0;
    %vpi_call 2 47 "$display", "Test2: %0d", v0x61c238e69580_0 {0 0 0};
    %pushi/vec4 0, 0, 1;
    %store/vec4 v0x61c238e69410_0, 0, 1;
    %pushi/vec4 2, 0, 8;
    %store/vec4 v0x61c238e690c0_0, 0, 8;
    %pushi/vec4 3, 0, 8;
    %store/vec4 v0x61c238e697f0_0, 0, 8;
    %pushi/vec4 100, 0, 24;
    %store/vec4 v0x61c238e694b0_0, 0, 24;
    %delay 10000, 0;
    %vpi_call 2 52 "$display", "Test3: %0d", v0x61c238e69580_0 {0 0 0};
    %vpi_call 2 54 "$finish" {0 0 0};
    %end;
    .thread T_2;
# The file index is used to find the file name in the following table.
:file_names 4;
    "N/A";
    "<interactive>";
    "mac_unit_tb.v";
    "./mac_unit.v";
